<?xml version="1.0" encoding="UTF-8"?>
<testng-results skipped="0" failed="0" ignored="0" total="1" passed="1">
  <reporter-output>
  </reporter-output>
  <suite name="Suite" duration-ms="55" started-at="2022-09-23T17:56:09 IST" finished-at="2022-09-23T17:56:09 IST">
    <groups>
    </groups>
    <test name="Test" duration-ms="55" started-at="2022-09-23T17:56:09 IST" finished-at="2022-09-23T17:56:09 IST">
      <class name="practice.MavenPractice">
        <test-method status="PASS" signature="demo()[pri:0, instance:practice.MavenPractice@543c6f6d]" name="demo" duration-ms="10" started-at="2022-09-23T17:56:09 IST" finished-at="2022-09-23T17:56:09 IST">
          <reporter-output>
          </reporter-output>
        </test-method> <!-- demo -->
      </class> <!-- practice.MavenPractice -->
    </test> <!-- Test -->
  </suite> <!-- Suite -->
</testng-results>
